<?xml version="1.0" encoding="UTF-8"?>
<testsuite name="TaskOneKtTest" tests="3" skipped="0" failures="0" errors="0" timestamp="2022-04-26T10:31:28" hostname="LAPTOP-00FRT6QQ" time="0.021">
  <properties/>
  <testcase name="calcComission_withMaestroAndMC" classname="TaskOneKtTest" time="0.021"/>
  <testcase name="calcComission_withVkPay" classname="TaskOneKtTest" time="0.0"/>
  <testcase name="calcComission_withVisaAndMir" classname="TaskOneKtTest" time="0.0"/>
  <system-out><![CDATA[]]></system-out>
  <system-err><![CDATA[]]></system-err>
</testsuite>
